<?xml version="1.0" encoding="UTF-8"?>
<!-- Generated by org.testng.reporters.JUnitReportReporter -->
<testsuite skipped="0" hostname="HSNMM-RamNiwas" name="comperator.BrokenLinks" tests="1" failures="0" timestamp="13 Jun 2018 05:10:27 GMT" time="90.506" errors="0">
  <testcase name="brokenLinks" time="90.506" classname="comperator.BrokenLinks"/>
</testsuite> <!-- comperator.BrokenLinks -->
