<?xml version="1.0" encoding="UTF-8"?>
<!-- Generated by org.testng.reporters.JUnitReportReporter -->
<testsuite skipped="0" hostname="HSNMM-RamNiwas" name="concepts.SeleniumPrority" tests="5" failures="0" timestamp="05 Feb 2019 20:56:51 GMT" time="0.022" errors="0">
  <testcase name="ca_method" time="0.015" classname="concepts.SeleniumPrority"/>
  <testcase name="aa_method" time="0.002" classname="concepts.SeleniumPrority"/>
  <testcase name="e_method" time="0.002" classname="concepts.SeleniumPrority"/>
  <testcase name="aa_method1" time="0.001" classname="concepts.SeleniumPrority"/>
  <testcase name="d_method" time="0.002" classname="concepts.SeleniumPrority"/>
</testsuite> <!-- concepts.SeleniumPrority -->
